<?xml version="1.0" encoding="UTF-8"?>
<!-- Generated by org.testng.reporters.JUnitReportReporter -->
<testsuite hostname="rahul-PC" failures="0" tests="1" name="com.westwing.testcases.SearchResultListPageTest" time="12.459" errors="0" timestamp="2021-02-01T22:43:29 CET" skipped="0">
  <testcase classname="com.westwing.testcases.SearchResultListPageTest" name="searchFurnitureTest" time="12.459"/>
  <system-out/>
</testsuite> <!-- com.westwing.testcases.SearchResultListPageTest -->
