<?xml version="1.0" encoding="UTF-8"?>
<!-- Generated by org.testng.reporters.JUnitReportReporter -->
<testsuite hostname="rahul-PC" failures="0" tests="1" name="com.westwing.testcases.HomePageTest" time="6.018" errors="0" timestamp="2021-02-01T22:43:29 CET" skipped="0">
  <testcase classname="com.westwing.testcases.HomePageTest" name="openAndValidateHomePage" time="6.018"/>
  <system-out/>
</testsuite> <!-- com.westwing.testcases.HomePageTest -->
