<?xml version="1.0" encoding="UTF-8"?>
<!-- Generated by org.testng.reporters.JUnitReportReporter -->
<testsuite hostname="rahul-PC" failures="0" tests="2" name="com.westwing.testcases.WishListPageTest" time="28.601" errors="0" timestamp="2021-02-01T22:43:29 CET" skipped="0">
  <testcase classname="com.westwing.testcases.WishListPageTest" name="deleteFromWishListTest" time="13.906"/>
  <system-out/>
  <testcase classname="com.westwing.testcases.WishListPageTest" name="addToWishListTest" time="14.695"/>
  <system-out/>
</testsuite> <!-- com.westwing.testcases.WishListPageTest -->
