<?xml version="1.0" encoding="UTF-8"?>
<!-- Generated by org.testng.reporters.JUnitReportReporter -->
<testsuite skipped="0" hostname="rahul-PC" name="com.westwing.testcases.SearchResultListPageTest" tests="1" failures="0" timestamp="2021-02-01T22:48:54 CET" time="11.643" errors="0">
  <testcase name="searchFurnitureTest" time="11.643" classname="com.westwing.testcases.SearchResultListPageTest"/>
  <system-out/>
</testsuite> <!-- com.westwing.testcases.SearchResultListPageTest -->
