<?xml version="1.0" encoding="UTF-8"?>
<!-- Generated by org.testng.reporters.JUnitReportReporter -->
<testsuite skipped="0" hostname="rahul-PC" name="com.westwing.testcases.WishListPageTest" tests="2" failures="0" timestamp="2021-02-01T22:48:54 CET" time="26.606" errors="0">
  <testcase name="deleteFromWishListTest" time="13.592" classname="com.westwing.testcases.WishListPageTest"/>
  <system-out/>
  <testcase name="addToWishListTest" time="13.014" classname="com.westwing.testcases.WishListPageTest"/>
  <system-out/>
</testsuite> <!-- com.westwing.testcases.WishListPageTest -->
